生成启动时间为 2016/4/27 22:53:45。
     1>项目“C:\Users\Administrator\Desktop\chat\Chatter\Chatter.vcxproj”在节点 2 上(Build 个目标)。
     1>ClCompile:
         E:\VS\VC\bin\CL.exe /c /I../include/ /Zi /nologo /W3 /WX- /O2 /Oy- /D WIN32 /D NDEBUG /D _WINDOWS /D _CRT_SECURE_NO_WARNINGS /D _VC80_UPGRADE=0x0600 /D _MBCS /GF /Gm- /EHsc /MT /GS /Gy /fp:precise /Zc:wchar_t /Zc:forScope /Yu"stdafx.h" /Fp".\Release\Chatter.pch" /Fo".\Release\\" /Fd".\Release\vc120.pdb" /FR".\Release\\" /Gd /TP /analyze- /errorReport:prompt ..\Include\Buffer.cpp
         Buffer.cpp
       Link:
         E:\VS\VC\bin\link.exe /ERRORREPORT:PROMPT /OUT:".\Release\Chatter.exe" /INCREMENTAL:NO /NOLOGO winmm.lib /MANIFEST /MANIFESTUAC:"level='asInvoker' uiAccess='false'" /manifest:embed /manifestinput:E:\VS\VC\Include\Manifest\dpiaware.manifest /DEBUG /PDB:".\Release\Chatter.pdb" /SUBSYSTEM:WINDOWS /TLBID:1 /DYNAMICBASE /NXCOMPAT /IMPLIB:".\Release\Chatter.lib" /MACHINE:X86 /SAFESEH .\Release\Chatter.res
         .\Release\Buffer.obj
         .\Release\Chatter.obj
         .\Release\ChatterDlg.obj
         .\Release\ChatterMgr.obj
         .\Release\ClientSocket.obj
         .\Release\ConnectDlg.obj
         .\Release\FileTransfer.obj
         .\Release\ListCtrlEx.obj
         .\Release\LoginDlg.obj
         .\Release\Sound.obj
         .\Release\SoundTransfer.obj
         .\Release\StdAfx.obj
         .\Release\TransferProgress.obj
         .\Release\Waiting.obj
         Chatter.vcxproj -> C:\Users\Administrator\Desktop\chat\Chatter\.\Release\Chatter.exe
       BscMake:
         E:\VS\VC\bin\bscmake.exe /nologo /o".\Release\Chatter.bsc" .\Release\Buffer.sbr .\Release\Chatter.sbr .\Release\ChatterDlg.sbr .\Release\ChatterMgr.sbr .\Release\ClientSocket.sbr .\Release\ConnectDlg.sbr .\Release\FileTransfer.sbr .\Release\ListCtrlEx.sbr .\Release\LoginDlg.sbr .\Release\Sound.sbr .\Release\SoundTransfer.sbr .\Release\StdAfx.sbr .\Release\TransferProgress.sbr .\Release\Waiting.sbr
     1>已完成生成项目“C:\Users\Administrator\Desktop\chat\Chatter\Chatter.vcxproj”(Build 个目标)的操作。

生成成功。

已用时间 00:00:26.71
