c:\users\administrator\desktop\chat\chatter\release\chatter.bsc
c:\users\administrator\desktop\chat\chatter\release\chatter.pch
c:\users\administrator\desktop\chat\chatter\release\vc120.pdb
c:\users\administrator\desktop\chat\chatter\release\stdafx.sbr
c:\users\administrator\desktop\chat\chatter\release\stdafx.obj
c:\users\administrator\desktop\chat\chatter\release\buffer.sbr
c:\users\administrator\desktop\chat\chatter\release\chatter.sbr
c:\users\administrator\desktop\chat\chatter\release\chatterdlg.sbr
c:\users\administrator\desktop\chat\chatter\release\chattermgr.sbr
c:\users\administrator\desktop\chat\chatter\release\clientsocket.sbr
c:\users\administrator\desktop\chat\chatter\release\connectdlg.sbr
c:\users\administrator\desktop\chat\chatter\release\filetransfer.sbr
c:\users\administrator\desktop\chat\chatter\release\listctrlex.sbr
c:\users\administrator\desktop\chat\chatter\release\logindlg.sbr
c:\users\administrator\desktop\chat\chatter\release\sound.sbr
c:\users\administrator\desktop\chat\chatter\release\soundtransfer.sbr
c:\users\administrator\desktop\chat\chatter\release\transferprogress.sbr
c:\users\administrator\desktop\chat\chatter\release\waiting.sbr
c:\users\administrator\desktop\chat\chatter\release\waiting.obj
c:\users\administrator\desktop\chat\chatter\release\transferprogress.obj
c:\users\administrator\desktop\chat\chatter\release\soundtransfer.obj
c:\users\administrator\desktop\chat\chatter\release\sound.obj
c:\users\administrator\desktop\chat\chatter\release\logindlg.obj
c:\users\administrator\desktop\chat\chatter\release\listctrlex.obj
c:\users\administrator\desktop\chat\chatter\release\filetransfer.obj
c:\users\administrator\desktop\chat\chatter\release\connectdlg.obj
c:\users\administrator\desktop\chat\chatter\release\clientsocket.obj
c:\users\administrator\desktop\chat\chatter\release\chattermgr.obj
c:\users\administrator\desktop\chat\chatter\release\chatterdlg.obj
c:\users\administrator\desktop\chat\chatter\release\chatter.obj
c:\users\administrator\desktop\chat\chatter\release\buffer.obj
c:\users\administrator\desktop\chat\chatter\release\chatter.res
c:\users\administrator\desktop\chat\chatter\release\msxml.tli
c:\users\administrator\desktop\chat\chatter\release\msxml.tlh
c:\users\administrator\desktop\chat\chatter\release\chatter.pdb
c:\users\administrator\desktop\chat\chatter\.\release\chatter.exe
c:\users\administrator\desktop\chat\chatter\release\chatter.tlog\bscmake.command.1.tlog
c:\users\administrator\desktop\chat\chatter\release\chatter.tlog\bscmake.read.1.tlog
c:\users\administrator\desktop\chat\chatter\release\chatter.tlog\bscmake.write.1.tlog
c:\users\administrator\desktop\chat\chatter\release\chatter.tlog\cl.command.1.tlog
c:\users\administrator\desktop\chat\chatter\release\chatter.tlog\cl.read.1.tlog
c:\users\administrator\desktop\chat\chatter\release\chatter.tlog\cl.write.1.tlog
c:\users\administrator\desktop\chat\chatter\release\chatter.tlog\link.command.1.tlog
c:\users\administrator\desktop\chat\chatter\release\chatter.tlog\link.read.1.tlog
c:\users\administrator\desktop\chat\chatter\release\chatter.tlog\link.write.1.tlog
c:\users\administrator\desktop\chat\chatter\release\chatter.tlog\rc.command.1.tlog
c:\users\administrator\desktop\chat\chatter\release\chatter.tlog\rc.read.1.tlog
c:\users\administrator\desktop\chat\chatter\release\chatter.tlog\rc.write.1.tlog
